# RUN 873eba70e9f8
# PWD E:\AUTO
# CMD C:\Users\NgocDuong\AppData\Local\Microsoft\WindowsApps\PythonSoftwareFoundation.Python.3.13_qbz5n2kfra8p0\python.exe E:\AUTO\cli_helpers.py


Setup Guide

Step 1: Setup VM Manager

Windows:
cd E:\AUTO                                                                      
.\setup-vm-manager.ps1                                                          

Linux/Mac:
cd ~/AUTO                                                                       
chmod +x setup-vm-manager.sh                                                    
./setup-vm-manager.sh                                                           
source ~/.bashrc                                                                

Step 2: Add First VM

Option 1: Wizard (Easiest)
python auto.py vm wizard                                                        

Option 2: Quick Add
python auto.py vm quick-add root@1.2.3.4                                        

Step 3: Start Using

# Connect to VM                                                                 
python auto.py vm connect 1                                                     
                                                                                
# Or start web UI                                                               
python auto.py scripts start                                                    


Real-World Examples

Example 1: Setup New VPS
# Run wizard                                                                    
vm wizard                                                                       
# Follow prompts                                                                
# Generate SSH key                                                              
# Copy to server                                                                
# Test connection                                                               
                                                                                
# Connect                                                                       
vm connect 1                                                                    
                                                                                
# Deploy                                                                        
vm batch deploy setup.sh --execute                                              

Example 2: Manage Multiple Servers
# Generate shared key                                                           
vm key generate --name prod-servers                                             
                                                                                
# Copy to all servers                                                           
vm key copy prod-servers root@server1.com                                       
vm key copy prod-servers root@server2.com                                       
vm key copy prod-servers root@server3.com                                       
                                                                                
# Quick add all                                                                 
vm quick-add root@server1.com                                                   
vm quick-add root@server2.com                                                   
vm quick-add root@server3.com                                                   
                                                                                
# Deploy to all                                                                 
vm batch deploy update.sh --execute --parallel                                  

Example 3: Health Check
# Check all servers                                                             
vm batch exec "systemctl status xray" --parallel                                
                                                                                
# Check disk space                                                              
vm batch exec "df -h" --parallel                                                
                                                                                
# Check memory                                                                  
vm batch exec "free -m" --parallel                                              


Quick Reference

+------------------------------------------------------------------------------+
| Command       | Description              | Example                           |
|---------------+--------------------------+-----------------------------------|
| vm wizard     | Interactive setup        | vm wizard                         |
|               | (easiest)                |                                   |
| vm quick-add  | Quick add VM from        | vm quick-add root@1.2.3.4         |
|               | connection string        |                                   |
| vm list       | List all VMs             | vm list                           |
| vm connect    | Connect to VM            | vm connect server-1               |
| vm key        | Generate SSH key         | vm key generate --type ed25519    |
| generate      |                          |                                   |
| vm batch exec | Execute on multiple VMs  | vm batch exec "uptime" --parallel |
| vm batch      | Deploy to multiple VMs   | vm batch deploy script.sh         |
| deploy        |                          | --execute                         |
+------------------------------------------------------------------------------+
